2026-04-17 10:11:40.6016496 +0800 CST m=+0.008813801[INFO ] Started
2026-04-17 10:11:40.6176729 +0800 CST m=+0.024837101[INFO ] uploader: github
2026-04-17 10:11:40.6188806 +0800 CST m=+0.026044801[INFO ] uploading #TASK_0 ./aa.jpeg
2026-04-17 10:11:42.6297863 +0800 CST m=+2.036950501[INFO ] failed to upload #TASK_0 ./aa.jpeg : unexpected status code 404. response: {"message":"Not Found","documentation_url":"https://docs.github.com/rest/repos/contents#create-or-update-file-contents","status":"404"}
2026-04-17 10:13:06.8708948 +0800 CST m=+0.009197001[INFO ] Started
2026-04-17 10:13:06.8852631 +0800 CST m=+0.023565301[INFO ] uploader: github
2026-04-17 10:13:06.8857865 +0800 CST m=+0.024088701[INFO ] uploading #TASK_0 ./aa.jpeg
2026-04-17 10:13:08.8140946 +0800 CST m=+1.952396801[INFO ] failed to upload #TASK_0 ./aa.jpeg : unexpected status code 404. response: {"message":"Not Found","documentation_url":"https://docs.github.com/rest/repos/contents#create-or-update-file-contents","status":"404"}
2026-04-17 10:13:26.6174701 +0800 CST m=+0.008995701[INFO ] Started
2026-04-17 10:13:26.6310483 +0800 CST m=+0.022573901[INFO ] uploader: github
2026-04-17 10:13:26.6321527 +0800 CST m=+0.023678301[INFO ] uploading #TASK_0 ./aa.jpeg
2026-04-17 10:13:28.1185661 +0800 CST m=+1.510091701[INFO ] failed to upload #TASK_0 ./aa.jpeg : unexpected status code 404. response: {"message":"Not Found","documentation_url":"https://docs.github.com/rest/repos/contents#create-or-update-file-contents","status":"404"}
2026-04-17 10:14:04.6223004 +0800 CST m=+0.007741601[INFO ] Started
2026-04-17 10:14:04.6369289 +0800 CST m=+0.022370101[INFO ] uploader: github
2026-04-17 10:14:04.6380035 +0800 CST m=+0.023444701[INFO ] uploading #TASK_0 ./upgit.log
2026-04-17 10:14:05.4994549 +0800 CST m=+0.884896101[INFO ] failed to upload #TASK_0 ./upgit.log : unexpected status code 404. response: {"message":"Not Found","documentation_url":"https://docs.github.com/rest/repos/contents#create-or-update-file-contents","status":"404"}
2026-04-17 10:16:07.2187856 +0800 CST m=+0.008783701[INFO ] Started
2026-04-17 10:16:07.2331701 +0800 CST m=+0.023168201[INFO ] uploader: github
2026-04-17 10:16:07.2336983 +0800 CST m=+0.023696401[INFO ] uploading #TASK_0 ./upgit.log
2026-04-17 10:16:08.317012 +0800 CST m=+1.107010101[INFO ] failed to upload #TASK_0 ./upgit.log : unexpected status code 404. response: {"message":"Not Found","documentation_url":"https://docs.github.com/rest/repos/contents#create-or-update-file-contents","status":"404"}
2026-04-17 10:17:13.6044444 +0800 CST m=+0.009082801[INFO ] Started
2026-04-17 10:17:13.6186019 +0800 CST m=+0.023240301[INFO ] uploader: github
2026-04-17 10:17:13.6191254 +0800 CST m=+0.023763801[INFO ] uploading #TASK_0 ./upgit.log
2026-04-17 10:17:14.6222194 +0800 CST m=+1.026857801[INFO ] failed to upload #TASK_0 ./upgit.log : unexpected status code 404. response: {"message":"Not Found","documentation_url":"https://docs.github.com/rest/repos/contents#create-or-update-file-contents","status":"404"}
2026-04-17 10:17:19.5362985 +0800 CST m=+0.009174001[INFO ] Started
2026-04-17 10:17:19.550827 +0800 CST m=+0.023702501[INFO ] uploader: github
2026-04-17 10:17:19.5519186 +0800 CST m=+0.024794101[INFO ] uploading #TASK_0 ./upgit.log
